[debug] [2023-08-19T07:49:56.942Z] ----------------------------------------------------------------------
[debug] [2023-08-19T07:49:56.943Z] Command:       /opt/homebrew/Cellar/node/17.2.0/bin/node /opt/homebrew/bin/Firebase init hosting
[debug] [2023-08-19T07:49:56.943Z] CLI Version:   12.4.8
[debug] [2023-08-19T07:49:56.943Z] Platform:      darwin
[debug] [2023-08-19T07:49:56.944Z] Node Version:  v17.2.0
[debug] [2023-08-19T07:49:56.944Z] Time:          Sat Aug 19 2023 16:49:56 GMT+0900 (대한민국 표준시)
[debug] [2023-08-19T07:49:56.944Z] ----------------------------------------------------------------------
[debug] 
[debug] [2023-08-19T07:49:56.947Z] > command requires scopes: ["email","openid","https://www.googleapis.com/auth/cloudplatformprojects.readonly","https://www.googleapis.com/auth/firebase","https://www.googleapis.com/auth/cloud-platform"]
[debug] [2023-08-19T07:49:56.947Z] > authorizing via signed-in user (joanjeongahshim@gmail.com)
[info] 
     ######## #### ########  ######## ########     ###     ######  ########
     ##        ##  ##     ## ##       ##     ##  ##   ##  ##       ##
     ######    ##  ########  ######   ########  #########  ######  ######
     ##        ##  ##    ##  ##       ##     ## ##     ##       ## ##
     ##       #### ##     ## ######## ########  ##     ##  ######  ########

You're about to initialize a Firebase project in this directory:

  /Users/joan/Desktop/FE practice/project_profile-list/Y_FE_JAVASCRIPT_PICTURE

[info] 
=== Project Setup
[info] 
[info] First, let's associate this project directory with a Firebase project.
[info] You can create multiple project aliases by running firebase use --add, 
[info] but for now we'll just set up a default project.
[info] 
[debug] [2023-08-19T07:50:04.022Z] >>> [apiv2][query] GET https://firebase.googleapis.com/v1beta1/projects pageSize=100
[debug] [2023-08-19T07:50:04.739Z] <<< [apiv2][status] GET https://firebase.googleapis.com/v1beta1/projects 200
[debug] [2023-08-19T07:50:04.740Z] <<< [apiv2][body] GET https://firebase.googleapis.com/v1beta1/projects [omitted]
[info] i  Using project project-js-160bd (project-js) 
[info] 
=== Hosting Setup
[info] 
[info] Your public directory is the folder (relative to your project directory) that
[info] will contain Hosting assets to be uploaded with firebase deploy. If you
[info] have a build process for your assets, use your build's output directory.
[info] 
[info] ✔  Wrote public/404.html 
[debug] [2023-08-19T07:50:19.780Z] >>> [apiv2][query] GET https://www.gstatic.com/firebasejs/releases.json [none]
[debug] [2023-08-19T07:50:19.949Z] <<< [apiv2][status] GET https://www.gstatic.com/firebasejs/releases.json 200
[debug] [2023-08-19T07:50:19.949Z] <<< [apiv2][body] GET https://www.gstatic.com/firebasejs/releases.json {"current":{"version":"10.2.0","browserURL":"https://www.gstatic.com/firebasejs/10.2.0/firebase.js","packageURL":"https://www.gstatic.com/firebasejs/10.2.0/firebase.tgz"},"live":{"version":"10.2","browserURL":"https://www.gstatic.com/firebasejs/live/10.2/firebase.js","packageURL":"https://www.gstatic.com/firebasejs/live/10.2/firebase.tgz"},"components":{"analytics":"https://www.gstatic.com/firebasejs/10.2.0/firebase-analytics.js","app":"https://www.gstatic.com/firebasejs/10.2.0/firebase-app.js","app-check":"https://www.gstatic.com/firebasejs/10.2.0/firebase-app-check.js","auth":"https://www.gstatic.com/firebasejs/10.2.0/firebase-auth.js","auth/cordova":"https://www.gstatic.com/firebasejs/10.2.0/firebase-auth/cordova.js","functions":"https://www.gstatic.com/firebasejs/10.2.0/firebase-functions.js","firestore":"https://www.gstatic.com/firebasejs/10.2.0/firebase-firestore.js","firestore/lite":"https://www.gstatic.com/firebasejs/10.2.0/firebase-firestore/lite.js","installations":"https://www.gstatic.com/firebasejs/10.2.0/firebase-installations.js","storage":"https://www.gstatic.com/firebasejs/10.2.0/firebase-storage.js","performance":"https://www.gstatic.com/firebasejs/10.2.0/firebase-performance.js","remote-config":"https://www.gstatic.com/firebasejs/10.2.0/firebase-remote-config.js","messaging":"https://www.gstatic.com/firebasejs/10.2.0/firebase-messaging.js","messaging/sw":"https://www.gstatic.com/firebasejs/10.2.0/firebase-messaging/sw.js","database":"https://www.gstatic.com/firebasejs/10.2.0/firebase-database.js","firestore.memory":"https://www.gstatic.com/firebasejs/10.2.0/firebase-firestore.memory.js"}}
[info] ✔  Wrote public/index.html 
[info] 
[info] i  Detected a .git folder at /Users/joan/Desktop/FE practice/project_profile-list/Y_FE_JAVASCRIPT_PICTURE 
[info] i  Authorizing with GitHub to upload your service account to a GitHub repository's secrets store. 
[info] 
[info] Visit this URL on this device to log in:
[info] https://github.com/login/oauth/authorize?client_id=89cf50f02ac6aaed3484&state=194777375&redirect_uri=http%3A%2F%2Flocalhost%3A9005&scope=read%3Auser%20repo%20public_repo
[info] 
[info] Waiting for authentication...
[debug] [2023-08-19T07:51:00.947Z] >>> [apiv2][query] POST https://github.com/login/oauth/access_token [none]
[debug] [2023-08-19T07:51:00.947Z] >>> [apiv2][body] POST https://github.com/login/oauth/access_token [stream]
[debug] [2023-08-19T07:51:01.262Z] <<< [apiv2][status] POST https://github.com/login/oauth/access_token 200
[debug] [2023-08-19T07:51:01.262Z] <<< [apiv2][body] POST https://github.com/login/oauth/access_token {"access_token":"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","token_type":"bearer","scope":"read:user,repo"}
[debug] [2023-08-19T07:51:01.269Z] >>> [apiv2][query] GET https://api.github.com/user [none]
[debug] [2023-08-19T07:51:01.583Z] <<< [apiv2][status] GET https://api.github.com/user 200
[debug] [2023-08-19T07:51:01.583Z] <<< [apiv2][body] GET https://api.github.com/user {"login":"joanShim","id":35457850,"node_id":"MDQ6VXNlcjM1NDU3ODUw","avatar_url":"https://avatars.githubusercontent.com/u/35457850?v=4","gravatar_id":"","url":"https://api.github.com/users/joanShim","html_url":"https://github.com/joanShim","followers_url":"https://api.github.com/users/joanShim/followers","following_url":"https://api.github.com/users/joanShim/following{/other_user}","gists_url":"https://api.github.com/users/joanShim/gists{/gist_id}","starred_url":"https://api.github.com/users/joanShim/starred{/owner}{/repo}","subscriptions_url":"https://api.github.com/users/joanShim/subscriptions","organizations_url":"https://api.github.com/users/joanShim/orgs","repos_url":"https://api.github.com/users/joanShim/repos","events_url":"https://api.github.com/users/joanShim/events{/privacy}","received_events_url":"https://api.github.com/users/joanShim/received_events","type":"User","site_admin":false,"name":"Shim Jeong ah","company":null,"blog":"","location":"Seoul, Republic of Korea","email":null,"hireable":null,"bio":"심정아 /\r\nFrontend Dev  /  UX Enthusiast","twitter_username":null,"public_repos":8,"public_gists":0,"followers":4,"following":5,"created_at":"2018-01-15T14:08:04Z","updated_at":"2023-07-21T10:04:07Z","private_gists":0,"total_private_repos":2,"owned_private_repos":2,"disk_usage":106635,"collaborators":0,"two_factor_authentication":true,"plan":{"name":"free","space":976562499,"collaborators":0,"private_repos":10000}}
[info] 
[info] ✔  Success! Logged into GitHub as joanShim 
[info] 
